Using pre-set license
Built from '2020.3/release' branch; Version is '2020.3.7f1 (dd97f2c94397) revision 14522354'; Using compiler version '192528614'; Build Type 'Release'
OS: 'Windows 10 Home; OS build 19042.1288; Version 2009; 64bit' Language: 'tr' Physical Memory: 16323 MB
BatchMode: 1, IsHumanControllingUs: 0, StartBugReporterOnCrash: 0, Is64bit: 1, IsPro: 0

 COMMAND LINE ARGUMENTS:
C:\Program Files\Unity\Hub\Editor\2020.3.7f1\Editor\Unity.exe
-adb2
-batchMode
-noUpm
-name
AssetImportWorker0
-projectPath
E:/Unity Projects/HyperCasual-EndlessRunner/HyperCasual-EndlessRunner
-logFile
Logs/AssetImportWorker0.log
-srvPort
63009
Successfully changed project path to: E:/Unity Projects/HyperCasual-EndlessRunner/HyperCasual-EndlessRunner
E:/Unity Projects/HyperCasual-EndlessRunner/HyperCasual-EndlessRunner
Using Asset Import Pipeline V2.
Refreshing native plugins compatible for Editor in 22.07 ms, found 0 plugins.
Preloading 0 native plugins for Editor in 0.00 ms.
Initialize engine version: 2020.3.7f1 (dd97f2c94397)
[Subsystems] Discovering subsystems at path C:/Program Files/Unity/Hub/Editor/2020.3.7f1/Editor/Data/Resources/UnitySubsystems
[Subsystems] Discovering subsystems at path E:/Unity Projects/HyperCasual-EndlessRunner/HyperCasual-EndlessRunner/Assets
GfxDevice: creating device client; threaded=0
Direct3D:
    Version:  Direct3D 11.0 [level 11.1]
    Renderer: NVIDIA GeForce GTX 1070 Ti (ID=0x1b82)
    Vendor:   
    VRAM:     8079 MB
    Driver:   30.0.14.7141
Initialize mono
Mono path[0] = 'C:/Program Files/Unity/Hub/Editor/2020.3.7f1/Editor/Data/Managed'
Mono path[1] = 'C:/Program Files/Unity/Hub/Editor/2020.3.7f1/Editor/Data/MonoBleedingEdge/lib/mono/unityjit'
Mono config path = 'C:/Program Files/Unity/Hub/Editor/2020.3.7f1/Editor/Data/MonoBleedingEdge/etc'
Using monoOptions --debugger-agent=transport=dt_socket,embedding=1,server=y,suspend=n,address=127.0.0.1:56924
Begin MonoManager ReloadAssembly
Registering precompiled unity dll's ...
Register platform support module: C:/Program Files/Unity/Hub/Editor/2020.3.7f1/Editor/Data/PlaybackEngines/WindowsStandaloneSupport/UnityEditor.WindowsStandalone.Extensions.dll
Registered in 0.002757 seconds.
Native extension for WindowsStandalone target not found
Refreshing native plugins compatible for Editor in 21.76 ms, found 0 plugins.
Preloading 0 native plugins for Editor in 0.00 ms.
Mono: successfully reloaded assembly
- Completed reload, in  1.525 seconds
Platform modules already initialized, skipping
Registering precompiled user dll's ...
Registered in 0.000487 seconds.
Begin MonoManager ReloadAssembly
Native extension for WindowsStandalone target not found
Refreshing native plugins compatible for Editor in 0.19 ms, found 0 plugins.
Preloading 0 native plugins for Editor in 0.00 ms.
Mono: successfully reloaded assembly
- Completed reload, in  0.722 seconds
Platform modules already initialized, skipping
========================================================================
Worker process is ready to serve import requests
Launched and connected shader compiler UnityShaderCompiler.exe after 0.03 seconds
Refreshing native plugins compatible for Editor in 0.19 ms, found 0 plugins.
Preloading 0 native plugins for Editor in 0.00 ms.
Unloading 1143 Unused Serialized files (Serialized files now loaded: 0)
System memory in use before: 60.1 MB.
System memory in use after: 60.2 MB.

Unloading 8 unused Assets to reduce memory usage. Loaded Objects now: 1593.
Total: 1.333100 ms (FindLiveObjects: 0.118900 ms CreateObjectMapping: 0.036300 ms MarkObjects: 1.157800 ms  DeleteObjects: 0.019200 ms)

========================================================================
Received Import Request.
  path: Assets/UpdateNotes.cs
  artifactKey: Guid(f6f0d64868cf28444844f0ec7cab2a84) Importer(815301076,1909f56bfc062723c751e8b465ee728b)
Start importing Assets/UpdateNotes.cs using Guid(f6f0d64868cf28444844f0ec7cab2a84) Importer(815301076,1909f56bfc062723c751e8b465ee728b)  -> (artifact id: 'ec1c5a72cc28dd50718e6694176820d5') in 0.030474 seconds
  Import took 0.032184 seconds .

========================================================================
Received Prepare
Registering precompiled user dll's ...
Registered in 0.000679 seconds.
Begin MonoManager ReloadAssembly
Native extension for WindowsStandalone target not found
Refreshing native plugins compatible for Editor in 0.22 ms, found 0 plugins.
Preloading 0 native plugins for Editor in 0.00 ms.
[ScriptCompilation] NOT recompiling all scripts because this is an import worker process. Reason to compile was: Define symbols changed
Mono: successfully reloaded assembly
- Completed reload, in  1.267 seconds
Platform modules already initialized, skipping
Refreshing native plugins compatible for Editor in 0.22 ms, found 0 plugins.
Preloading 0 native plugins for Editor in 0.00 ms.
Unloading 1244 Unused Serialized files (Serialized files now loaded: 0)
System memory in use before: 66.5 MB.
System memory in use after: 64.6 MB.

Unloading 31 unused Assets to reduce memory usage. Loaded Objects now: 1689.
Total: 2.192000 ms (FindLiveObjects: 0.126000 ms CreateObjectMapping: 0.039300 ms MarkObjects: 1.506100 ms  DeleteObjects: 0.519600 ms)

========================================================================
Received Import Request.
  Time since last request: 347.736844 seconds.
  path: ProjectSettings/TagManager.asset
  artifactKey: Guid(00000000000000003000000000000000) Importer(815301076,1909f56bfc062723c751e8b465ee728b)
Start importing ProjectSettings/TagManager.asset using Guid(00000000000000003000000000000000) Importer(815301076,1909f56bfc062723c751e8b465ee728b)  -> (artifact id: '4e5a85f588e97bf657a24c2a5187412b') in 0.013647 seconds
  Import took 0.015548 seconds .

========================================================================
Received Import Request.
  Time since last request: 111.396637 seconds.
  path: Assets/Prefabs/PostProcess.prefab
  artifactKey: Guid(c167353f8c4c53948823504e7a5e53f0) Importer(815301076,1909f56bfc062723c751e8b465ee728b)
Start importing Assets/Prefabs/PostProcess.prefab using Guid(c167353f8c4c53948823504e7a5e53f0) Importer(815301076,1909f56bfc062723c751e8b465ee728b)  -> (artifact id: 'fa0f47832ce48f9a2c5c752655efe023') in 0.024905 seconds
  Import took 0.026832 seconds .

========================================================================
Received Import Request.
  Time since last request: 3.012128 seconds.
  path: Assets/Scenes/MainMenu.unity
  artifactKey: Guid(89a7e0879347b6844b19b75d46a3349d) Importer(815301076,1909f56bfc062723c751e8b465ee728b)
Start importing Assets/Scenes/MainMenu.unity using Guid(89a7e0879347b6844b19b75d46a3349d) Importer(815301076,1909f56bfc062723c751e8b465ee728b)  -> (artifact id: '3b16f849c52ecdeea8f766e7d7bc3e28') in 0.006944 seconds
  Import took 0.008948 seconds .

========================================================================
Received Import Request.
  Time since last request: 0.000424 seconds.
  path: Assets/Scenes/MainMenu.unity
  artifactKey: Guid(89a7e0879347b6844b19b75d46a3349d) Importer(815301076,1909f56bfc062723c751e8b465ee728b)
Start importing Assets/Scenes/MainMenu.unity using Guid(89a7e0879347b6844b19b75d46a3349d) Importer(815301076,1909f56bfc062723c751e8b465ee728b)  -> (artifact id: '3b16f849c52ecdeea8f766e7d7bc3e28') in 0.002848 seconds
  Import took 0.004772 seconds .

========================================================================
Received Prepare
Registering precompiled user dll's ...
Registered in 0.000468 seconds.
Begin MonoManager ReloadAssembly
Native extension for WindowsStandalone target not found
Refreshing native plugins compatible for Editor in 0.22 ms, found 0 plugins.
Preloading 0 native plugins for Editor in 0.00 ms.
Mono: successfully reloaded assembly
- Completed reload, in  0.659 seconds
Platform modules already initialized, skipping
Refreshing native plugins compatible for Editor in 0.21 ms, found 0 plugins.
Preloading 0 native plugins for Editor in 0.00 ms.
Unloading 1244 Unused Serialized files (Serialized files now loaded: 0)
System memory in use before: 66.6 MB.
System memory in use after: 64.6 MB.

Unloading 32 unused Assets to reduce memory usage. Loaded Objects now: 1692.
Total: 1.798200 ms (FindLiveObjects: 0.114600 ms CreateObjectMapping: 0.033000 ms MarkObjects: 1.127500 ms  DeleteObjects: 0.522400 ms)

